# JRE version: OpenJDK Runtime Environment (Zulu 8.52.0.23-CA-win64) (8.0_282-b08) (build 1.8.0_282-b08)
# Java VM: OpenJDK 64-Bit Server VM (25.282-b08 mixed mode windows-amd64 compressed oops)
Heap:
 PSYoungGen      total 89088K, used 50976K [0x00000000d5580000, 0x00000000db700000, 0x0000000100000000)
  eden space 82432K, 55% used [0x00000000d5580000,0x00000000d825e3b8,0x00000000da600000)
  from space 6656K, 75% used [0x00000000db080000,0x00000000db569d38,0x00000000db700000)
  to   space 8704K, 0% used [0x00000000da600000,0x00000000da600000,0x00000000dae80000)
 ParOldGen       total 53248K, used 14193K [0x0000000080000000, 0x0000000083400000, 0x00000000d5580000)
  object space 53248K, 26% used [0x0000000080000000,0x0000000080ddc6c0,0x0000000083400000)
 Metaspace       used 30210K, capacity 31082K, committed 31360K, reserved 1077248K
  class space    used 3595K, capacity 3860K, committed 3968K, reserved 1048576K
GC Heap History (10 events):
Event: 19.405 GC heap before
{Heap before GC invocations=11 (full 1):
 PSYoungGen      total 37888K, used 30208K [0x00000000d5580000, 0x00000000d9500000, 0x0000000100000000)
  eden space 30208K, 100% used [0x00000000d5580000,0x00000000d7300000,0x00000000d7300000)
  from space 7680K, 0% used [0x00000000d7300000,0x00000000d7300000,0x00000000d7a80000)
  to   space 8192K, 0% used [0x00000000d8d00000,0x00000000d8d00000,0x00000000d9500000)
 ParOldGen       total 53248K, used 8324K [0x0000000080000000, 0x0000000083400000, 0x00000000d5580000)
  object space 53248K, 15% used [0x0000000080000000,0x0000000080821028,0x0000000083400000)
 Metaspace       used 21548K, capacity 21808K, committed 22192K, reserved 1069056K
  class space    used 2384K, capacity 2500K, committed 2560K, reserved 1048576K
Event: 19.436 GC heap after
Heap after GC invocations=11 (full 1):
 PSYoungGen      total 48640K, used 1088K [0x00000000d5580000, 0x00000000d9180000, 0x0000000100000000)
  eden space 44032K, 0% used [0x00000000d5580000,0x00000000d5580000,0x00000000d8080000)
  from space 4608K, 23% used [0x00000000d8d00000,0x00000000d8e10000,0x00000000d9180000)
  to   space 8704K, 0% used [0x00000000d8080000,0x00000000d8080000,0x00000000d8900000)
 ParOldGen       total 53248K, used 8324K [0x0000000080000000, 0x0000000083400000, 0x00000000d5580000)
  object space 53248K, 15% used [0x0000000080000000,0x0000000080821028,0x0000000083400000)
 Metaspace       used 21548K, capacity 21808K, committed 22192K, reserved 1069056K
  class space    used 2384K, capacity 2500K, committed 2560K, reserved 1048576K
}
Event: 20.819 GC heap before
{Heap before GC invocations=12 (full 1):
 PSYoungGen      total 48640K, used 45120K [0x00000000d5580000, 0x00000000d9180000, 0x0000000100000000)
  eden space 44032K, 100% used [0x00000000d5580000,0x00000000d8080000,0x00000000d8080000)
  from space 4608K, 23% used [0x00000000d8d00000,0x00000000d8e10000,0x00000000d9180000)
  to   space 8704K, 0% used [0x00000000d8080000,0x00000000d8080000,0x00000000d8900000)
 ParOldGen       total 53248K, used 8324K [0x0000000080000000, 0x0000000083400000, 0x00000000d5580000)
  object space 53248K, 15% used [0x0000000080000000,0x0000000080821028,0x0000000083400000)
 Metaspace       used 21844K, capacity 22200K, committed 22448K, reserved 1069056K
  class space    used 2411K, capacity 2541K, committed 2560K, reserved 1048576K
Event: 20.827 GC heap after
Heap after GC invocations=12 (full 1):
 PSYoungGen      total 52736K, used 1461K [0x00000000d5580000, 0x00000000da400000, 0x0000000100000000)
  eden space 44032K, 0% used [0x00000000d5580000,0x00000000d5580000,0x00000000d8080000)
  from space 8704K, 16% used [0x00000000d8080000,0x00000000d81ed560,0x00000000d8900000)
  to   space 8704K, 0% used [0x00000000d9b80000,0x00000000d9b80000,0x00000000da400000)
 ParOldGen       total 53248K, used 9264K [0x0000000080000000, 0x0000000083400000, 0x00000000d5580000)
  object space 53248K, 17% used [0x0000000080000000,0x000000008090c248,0x0000000083400000)
 Metaspace       used 21844K, capacity 22200K, committed 22448K, reserved 1069056K
  class space    used 2411K, capacity 2541K, committed 2560K, reserved 1048576K
}
Event: 22.765 GC heap before
{Heap before GC invocations=13 (full 1):
 PSYoungGen      total 52736K, used 45493K [0x00000000d5580000, 0x00000000da400000, 0x0000000100000000)
  eden space 44032K, 100% used [0x00000000d5580000,0x00000000d8080000,0x00000000d8080000)
  from space 8704K, 16% used [0x00000000d8080000,0x00000000d81ed560,0x00000000d8900000)
  to   space 8704K, 0% used [0x00000000d9b80000,0x00000000d9b80000,0x00000000da400000)
 ParOldGen       total 53248K, used 9264K [0x0000000080000000, 0x0000000083400000, 0x00000000d5580000)
  object space 53248K, 17% used [0x0000000080000000,0x000000008090c248,0x0000000083400000)
 Metaspace       used 22048K, capacity 22392K, committed 22704K, reserved 1069056K
  class space    used 2415K, capacity 2541K, committed 2560K, reserved 1048576K
Event: 22.768 GC heap after
Heap after GC invocations=13 (full 1):
 PSYoungGen      total 68608K, used 384K [0x00000000d5580000, 0x00000000da280000, 0x0000000100000000)
  eden space 61440K, 0% used [0x00000000d5580000,0x00000000d5580000,0x00000000d9180000)
  from space 7168K, 5% used [0x00000000d9b80000,0x00000000d9be0268,0x00000000da280000)
  to   space 8704K, 0% used [0x00000000d9180000,0x00000000d9180000,0x00000000d9a00000)
 ParOldGen       total 53248K, used 10413K [0x0000000080000000, 0x0000000083400000, 0x00000000d5580000)
  object space 53248K, 19% used [0x0000000080000000,0x0000000080a2b448,0x0000000083400000)
 Metaspace       used 22048K, capacity 22392K, committed 22704K, reserved 1069056K
  class space    used 2415K, capacity 2541K, committed 2560K, reserved 1048576K
}
Event: 25.418 GC heap before
{Heap before GC invocations=14 (full 1):
 PSYoungGen      total 68608K, used 61824K [0x00000000d5580000, 0x00000000da280000, 0x0000000100000000)
  eden space 61440K, 100% used [0x00000000d5580000,0x00000000d9180000,0x00000000d9180000)
  from space 7168K, 5% used [0x00000000d9b80000,0x00000000d9be0268,0x00000000da280000)
  to   space 8704K, 0% used [0x00000000d9180000,0x00000000d9180000,0x00000000d9a00000)
 ParOldGen       total 53248K, used 10413K [0x0000000080000000, 0x0000000083400000, 0x00000000d5580000)
  object space 53248K, 19% used [0x0000000080000000,0x0000000080a2b448,0x0000000083400000)
 Metaspace       used 22969K, capacity 23256K, committed 23424K, reserved 1071104K
  class space    used 2556K, capacity 2677K, committed 2688K, reserved 1048576K
Event: 25.447 GC heap after
Heap after GC invocations=14 (full 1):
 PSYoungGen      total 70144K, used 4544K [0x00000000d5580000, 0x00000000db900000, 0x0000000100000000)
  eden space 61440K, 0% used [0x00000000d5580000,0x00000000d5580000,0x00000000d9180000)
  from space 8704K, 52% used [0x00000000d9180000,0x00000000d95f0000,0x00000000d9a00000)
  to   space 8704K, 0% used [0x00000000db080000,0x00000000db080000,0x00000000db900000)
 ParOldGen       total 53248K, used 10509K [0x0000000080000000, 0x0000000083400000, 0x00000000d5580000)
  object space 53248K, 19% used [0x0000000080000000,0x0000000080a43468,0x0000000083400000)
 Metaspace       used 22969K, capacity 23256K, committed 23424K, reserved 1071104K
  class space    used 2556K, capacity 2677K, committed 2688K, reserved 1048576K
}
Event: 32.134 GC heap before
{Heap before GC invocations=15 (full 1):
 PSYoungGen      total 70144K, used 65984K [0x00000000d5580000, 0x00000000db900000, 0x0000000100000000)
  eden space 61440K, 100% used [0x00000000d5580000,0x00000000d9180000,0x00000000d9180000)
  from space 8704K, 52% used [0x00000000d9180000,0x00000000d95f0000,0x00000000d9a00000)
  to   space 8704K, 0% used [0x00000000db080000,0x00000000db080000,0x00000000db900000)
 ParOldGen       total 53248K, used 10509K [0x0000000080000000, 0x0000000083400000, 0x00000000d5580000)
  object space 53248K, 19% used [0x0000000080000000,0x0000000080a43468,0x0000000083400000)
 Metaspace       used 26606K, capacity 27040K, committed 27392K, reserved 1073152K
  class space    used 3068K, capacity 3247K, committed 3328K, reserved 1048576K
Event: 32.156 GC heap after
Heap after GC invocations=15 (full 1):
 PSYoungGen      total 89088K, used 5031K [0x00000000d5580000, 0x00000000db700000, 0x0000000100000000)
  eden space 82432K, 0% used [0x00000000d5580000,0x00000000d5580000,0x00000000da600000)
  from space 6656K, 75% used [0x00000000db080000,0x00000000db569d38,0x00000000db700000)
  to   space 8704K, 0% used [0x00000000da600000,0x00000000da600000,0x00000000dae80000)
 ParOldGen       total 53248K, used 14193K [0x0000000080000000, 0x0000000083400000, 0x00000000d5580000)
  object space 53248K, 26% used [0x0000000080000000,0x0000000080ddc6c0,0x0000000083400000)
 Metaspace       used 26606K, capacity 27040K, committed 27392K, reserved 1073152K
  class space    used 3068K, capacity 3247K, committed 3328K, reserved 1048576K
}

